This file contains any messages produced by compilers while
running configure, to aid debugging if configure makes a mistake.

It was created by mythtv-controller configure 0.38, which was
generated by GNU Autoconf 2.69.  Invocation command line was

  $ /datadisk/mythtv-controller-0.38/configure 

## --------- ##
## Platform. ##
## --------- ##

hostname = work01
uname -m = x86_64
uname -r = 5.4.0-109-generic
uname -s = Linux
uname -v = #123~18.04.1-Ubuntu SMP Fri Apr 8 09:48:52 UTC 2022

/usr/bin/uname -p = unknown
/bin/uname -X     = unknown

/bin/arch              = unknown
/usr/bin/arch -k       = unknown
/usr/convex/getsysinfo = unknown
/usr/bin/hostinfo      = unknown
/bin/machine           = unknown
/usr/bin/oslevel       = unknown
/bin/universe          = unknown

PATH: /home/hans/.local/bin
PATH: /home/hans/bin
PATH: /usr/local/sbin
PATH: /usr/local/bin
PATH: /usr/sbin
PATH: /usr/bin
PATH: /sbin
PATH: /bin
PATH: /usr/games
PATH: /usr/local/games
PATH: /snap/bin
PATH: /home/hans/010editor
PATH: /home/hans/bin
PATH: /home/hans/010editor


## ----------- ##
## Core tests. ##
## ----------- ##

configure:2136: checking for a BSD-compatible install
configure:2204: result: /usr/bin/install -c
configure:2215: checking whether build environment is sane
configure:2270: result: yes
configure:2421: checking for a thread-safe mkdir -p
configure:2460: result: /bin/mkdir -p
configure:2467: checking for gawk
configure:2483: found /usr/bin/gawk
configure:2494: result: gawk
configure:2505: checking whether make sets $(MAKE)
configure:2531: result: no
configure:2556: checking whether make supports nested variables
configure:2573: result: yes
configure:2748: checking for gcc
configure:2764: found /usr/bin/gcc
configure:2775: result: gcc
configure:3004: checking for C compiler version
configure:3013: gcc --version >&5
gcc (Ubuntu 7.5.0-3ubuntu1~18.04) 7.5.0
Copyright (C) 2017 Free Software Foundation, Inc.
This is free software; see the source for copying conditions.  There is NO
warranty; not even for MERCHANTABILITY or FITNESS FOR A PARTICULAR PURPOSE.

configure:3024: $? = 0
configure:3013: gcc -v >&5
Using built-in specs.
COLLECT_GCC=gcc
COLLECT_LTO_WRAPPER=/usr/lib/gcc/x86_64-linux-gnu/7/lto-wrapper
OFFLOAD_TARGET_NAMES=nvptx-none
OFFLOAD_TARGET_DEFAULT=1
Target: x86_64-linux-gnu
Configured with: ../src/configure -v --with-pkgversion='Ubuntu 7.5.0-3ubuntu1~18.04' --with-bugurl=file:///usr/share/doc/gcc-7/README.Bugs --enable-languages=c,ada,c++,go,brig,d,fortran,objc,obj-c++ --prefix=/usr --with-gcc-major-version-only --program-suffix=-7 --program-prefix=x86_64-linux-gnu- --enable-shared --enable-linker-build-id --libexecdir=/usr/lib --without-included-gettext --enable-threads=posix --libdir=/usr/lib --enable-nls --enable-bootstrap --enable-clocale=gnu --enable-libstdcxx-debug --enable-libstdcxx-time=yes --with-default-libstdcxx-abi=new --enable-gnu-unique-object --disable-vtable-verify --enable-libmpx --enable-plugin --enable-default-pie --with-system-zlib --with-target-system-zlib --enable-objc-gc=auto --enable-multiarch --disable-werror --with-arch-32=i686 --with-abi=m64 --with-multilib-list=m32,m64,mx32 --enable-multilib --with-tune=generic --enable-offload-targets=nvptx-none --without-cuda-driver --enable-checking=release --build=x86_64-linux-gnu --host=x86_64-linux-gnu --target=x86_64-linux-gnu
Thread model: posix
gcc version 7.5.0 (Ubuntu 7.5.0-3ubuntu1~18.04) 
configure:3024: $? = 0
configure:3013: gcc -V >&5
gcc: error: unrecognized command line option '-V'
gcc: fatal error: no input files
compilation terminated.
configure:3024: $? = 1
configure:3013: gcc -qversion >&5
gcc: error: unrecognized command line option '-qversion'; did you mean '--version'?
gcc: fatal error: no input files
compilation terminated.
configure:3024: $? = 1
configure:3044: checking whether the C compiler works
configure:3066: gcc    conftest.c  >&5
configure:3070: $? = 0
configure:3118: result: yes
configure:3121: checking for C compiler default output file name
configure:3123: result: a.out
configure:3129: checking for suffix of executables
configure:3136: gcc -o conftest    conftest.c  >&5
configure:3140: $? = 0
configure:3162: result: 
configure:3184: checking whether we are cross compiling
configure:3192: gcc -o conftest    conftest.c  >&5
configure:3196: $? = 0
configure:3203: ./conftest
configure:3207: $? = 0
configure:3222: result: no
configure:3227: checking for suffix of object files
configure:3249: gcc -c   conftest.c >&5
configure:3253: $? = 0
configure:3274: result: o
configure:3278: checking whether we are using the GNU C compiler
configure:3297: gcc -c   conftest.c >&5
configure:3297: $? = 0
configure:3306: result: yes
configure:3315: checking whether gcc accepts -g
configure:3335: gcc -c -g  conftest.c >&5
configure:3335: $? = 0
configure:3376: result: yes
configure:3393: checking for gcc option to accept ISO C89
configure:3456: gcc  -c -g -O2  conftest.c >&5
configure:3456: $? = 0
configure:3469: result: none needed
configure:3494: checking whether gcc understands -c and -o together
configure:3516: gcc -c conftest.c -o conftest2.o
configure:3519: $? = 0
configure:3516: gcc -c conftest.c -o conftest2.o
configure:3519: $? = 0
configure:3531: result: yes
configure:3559: checking for style of include used by make
configure:3587: result: GNU
configure:3613: checking dependency style of gcc
configure:3724: result: gcc3
configure:3798: checking for g++
configure:3814: found /usr/bin/g++
configure:3825: result: g++
configure:3852: checking for C++ compiler version
configure:3861: g++ --version >&5
g++ (Ubuntu 7.5.0-3ubuntu1~18.04) 7.5.0
Copyright (C) 2017 Free Software Foundation, Inc.
This is free software; see the source for copying conditions.  There is NO
warranty; not even for MERCHANTABILITY or FITNESS FOR A PARTICULAR PURPOSE.

configure:3872: $? = 0
configure:3861: g++ -v >&5
Using built-in specs.
COLLECT_GCC=g++
COLLECT_LTO_WRAPPER=/usr/lib/gcc/x86_64-linux-gnu/7/lto-wrapper
OFFLOAD_TARGET_NAMES=nvptx-none
OFFLOAD_TARGET_DEFAULT=1
Target: x86_64-linux-gnu
Configured with: ../src/configure -v --with-pkgversion='Ubuntu 7.5.0-3ubuntu1~18.04' --with-bugurl=file:///usr/share/doc/gcc-7/README.Bugs --enable-languages=c,ada,c++,go,brig,d,fortran,objc,obj-c++ --prefix=/usr --with-gcc-major-version-only --program-suffix=-7 --program-prefix=x86_64-linux-gnu- --enable-shared --enable-linker-build-id --libexecdir=/usr/lib --without-included-gettext --enable-threads=posix --libdir=/usr/lib --enable-nls --enable-bootstrap --enable-clocale=gnu --enable-libstdcxx-debug --enable-libstdcxx-time=yes --with-default-libstdcxx-abi=new --enable-gnu-unique-object --disable-vtable-verify --enable-libmpx --enable-plugin --enable-default-pie --with-system-zlib --with-target-system-zlib --enable-objc-gc=auto --enable-multiarch --disable-werror --with-arch-32=i686 --with-abi=m64 --with-multilib-list=m32,m64,mx32 --enable-multilib --with-tune=generic --enable-offload-targets=nvptx-none --without-cuda-driver --enable-checking=release --build=x86_64-linux-gnu --host=x86_64-linux-gnu --target=x86_64-linux-gnu
Thread model: posix
gcc version 7.5.0 (Ubuntu 7.5.0-3ubuntu1~18.04) 
configure:3872: $? = 0
configure:3861: g++ -V >&5
g++: error: unrecognized command line option '-V'
g++: fatal error: no input files
compilation terminated.
configure:3872: $? = 1
configure:3861: g++ -qversion >&5
g++: error: unrecognized command line option '-qversion'; did you mean '--version'?
g++: fatal error: no input files
compilation terminated.
configure:3872: $? = 1
configure:3876: checking whether we are using the GNU C++ compiler
configure:3895: g++ -c   conftest.cpp >&5
configure:3895: $? = 0
configure:3904: result: yes
configure:3913: checking whether g++ accepts -g
configure:3933: g++ -c -g  conftest.cpp >&5
configure:3933: $? = 0
configure:3974: result: yes
configure:3999: checking dependency style of g++
configure:4110: result: gcc3
configure:4132: checking how to run the C preprocessor
configure:4163: gcc -E  conftest.c
configure:4163: $? = 0
configure:4177: gcc -E  conftest.c
conftest.c:11:10: fatal error: ac_nonexistent.h: No such file or directory
 #include <ac_nonexistent.h>
          ^~~~~~~~~~~~~~~~~~
compilation terminated.
configure:4177: $? = 1
configure: failed program was:
| /* confdefs.h */
| #define PACKAGE_NAME "mythtv-controller"
| #define PACKAGE_TARNAME "mythtv-controller"
| #define PACKAGE_VERSION "0.38"
| #define PACKAGE_STRING "mythtv-controller 0.38"
| #define PACKAGE_BUGREPORT "hanshenrik32@gmail.com"
| #define PACKAGE_URL ""
| #define PACKAGE "mythtv-controller"
| #define VERSION "0.38"
| /* end confdefs.h.  */
| #include <ac_nonexistent.h>
configure:4202: result: gcc -E
configure:4222: gcc -E  conftest.c
configure:4222: $? = 0
configure:4236: gcc -E  conftest.c
conftest.c:11:10: fatal error: ac_nonexistent.h: No such file or directory
 #include <ac_nonexistent.h>
          ^~~~~~~~~~~~~~~~~~
compilation terminated.
configure:4236: $? = 1
configure: failed program was:
| /* confdefs.h */
| #define PACKAGE_NAME "mythtv-controller"
| #define PACKAGE_TARNAME "mythtv-controller"
| #define PACKAGE_VERSION "0.38"
| #define PACKAGE_STRING "mythtv-controller 0.38"
| #define PACKAGE_BUGREPORT "hanshenrik32@gmail.com"
| #define PACKAGE_URL ""
| #define PACKAGE "mythtv-controller"
| #define VERSION "0.38"
| /* end confdefs.h.  */
| #include <ac_nonexistent.h>
configure:4265: checking for grep that handles long lines and -e
configure:4323: result: /bin/grep
configure:4328: checking for egrep
configure:4390: result: /bin/grep -E
configure:4395: checking for ANSI C header files
configure:4415: gcc -c -g -O2  conftest.c >&5
configure:4415: $? = 0
configure:4488: gcc -o conftest -g -O2   conftest.c  >&5
configure:4488: $? = 0
configure:4488: ./conftest
configure:4488: $? = 0
configure:4499: result: yes
configure:4512: checking for sys/types.h
configure:4512: gcc -c -g -O2  conftest.c >&5
configure:4512: $? = 0
configure:4512: result: yes
configure:4512: checking for sys/stat.h
configure:4512: gcc -c -g -O2  conftest.c >&5
configure:4512: $? = 0
configure:4512: result: yes
configure:4512: checking for stdlib.h
configure:4512: gcc -c -g -O2  conftest.c >&5
configure:4512: $? = 0
configure:4512: result: yes
configure:4512: checking for string.h
configure:4512: gcc -c -g -O2  conftest.c >&5
configure:4512: $? = 0
configure:4512: result: yes
configure:4512: checking for memory.h
configure:4512: gcc -c -g -O2  conftest.c >&5
configure:4512: $? = 0
configure:4512: result: yes
configure:4512: checking for strings.h
configure:4512: gcc -c -g -O2  conftest.c >&5
configure:4512: $? = 0
configure:4512: result: yes
configure:4512: checking for inttypes.h
configure:4512: gcc -c -g -O2  conftest.c >&5
configure:4512: $? = 0
configure:4512: result: yes
configure:4512: checking for stdint.h
configure:4512: gcc -c -g -O2  conftest.c >&5
configure:4512: $? = 0
configure:4512: result: yes
configure:4512: checking for unistd.h
configure:4512: gcc -c -g -O2  conftest.c >&5
configure:4512: $? = 0
configure:4512: result: yes
configure:4526: checking sys/time.h usability
configure:4526: gcc -c -g -O2  conftest.c >&5
configure:4526: $? = 0
configure:4526: result: yes
configure:4526: checking sys/time.h presence
configure:4526: gcc -E  conftest.c
configure:4526: $? = 0
configure:4526: result: yes
configure:4526: checking for sys/time.h
configure:4526: result: yes
configure:4684: checking that generated files are newer than configure
configure:4690: result: done
configure:4717: creating ./config.status

## ---------------------- ##
## Running config.status. ##
## ---------------------- ##

This file was extended by mythtv-controller config.status 0.38, which was
generated by GNU Autoconf 2.69.  Invocation command line was

  CONFIG_FILES    = 
  CONFIG_HEADERS  = 
  CONFIG_LINKS    = 
  CONFIG_COMMANDS = 
  $ ./config.status 

on work01

config.status:784: creating Makefile
config.status:956: executing depfiles commands

## ---------------- ##
## Cache variables. ##
## ---------------- ##

ac_cv_c_compiler_gnu=yes
ac_cv_cxx_compiler_gnu=yes
ac_cv_env_CCC_set=
ac_cv_env_CCC_value=
ac_cv_env_CC_set=
ac_cv_env_CC_value=
ac_cv_env_CFLAGS_set=
ac_cv_env_CFLAGS_value=
ac_cv_env_CPPFLAGS_set=
ac_cv_env_CPPFLAGS_value=
ac_cv_env_CPP_set=
ac_cv_env_CPP_value=
ac_cv_env_CXXFLAGS_set=
ac_cv_env_CXXFLAGS_value=
ac_cv_env_CXX_set=
ac_cv_env_CXX_value=
ac_cv_env_LDFLAGS_set=
ac_cv_env_LDFLAGS_value=
ac_cv_env_LIBS_set=
ac_cv_env_LIBS_value=
ac_cv_env_build_alias_set=
ac_cv_env_build_alias_value=
ac_cv_env_host_alias_set=
ac_cv_env_host_alias_value=
ac_cv_env_target_alias_set=
ac_cv_env_target_alias_value=
ac_cv_header_inttypes_h=yes
ac_cv_header_memory_h=yes
ac_cv_header_stdc=yes
ac_cv_header_stdint_h=yes
ac_cv_header_stdlib_h=yes
ac_cv_header_string_h=yes
ac_cv_header_strings_h=yes
ac_cv_header_sys_stat_h=yes
ac_cv_header_sys_time_h=yes
ac_cv_header_sys_types_h=yes
ac_cv_header_unistd_h=yes
ac_cv_objext=o
ac_cv_path_EGREP='/bin/grep -E'
ac_cv_path_GREP=/bin/grep
ac_cv_path_install='/usr/bin/install -c'
ac_cv_path_mkdir=/bin/mkdir
ac_cv_prog_AWK=gawk
ac_cv_prog_CPP='gcc -E'
ac_cv_prog_ac_ct_CC=gcc
ac_cv_prog_ac_ct_CXX=g++
ac_cv_prog_cc_c89=
ac_cv_prog_cc_g=yes
ac_cv_prog_cxx_g=yes
ac_cv_prog_make_make_set=no
am_cv_CC_dependencies_compiler_type=gcc3
am_cv_CXX_dependencies_compiler_type=gcc3
am_cv_make_support_nested_variables=yes
am_cv_prog_cc_c_o=yes

## ----------------- ##
## Output variables. ##
## ----------------- ##

ACLOCAL='${SHELL} /datadisk/mythtv-controller-0.38/missing aclocal-1.15'
AMDEPBACKSLASH='\'
AMDEP_FALSE='#'
AMDEP_TRUE=''
AMTAR='$${TAR-tar}'
AM_BACKSLASH='\'
AM_DEFAULT_V='$(AM_DEFAULT_VERBOSITY)'
AM_DEFAULT_VERBOSITY='1'
AM_V='$(V)'
AUTOCONF='${SHELL} /datadisk/mythtv-controller-0.38/missing autoconf'
AUTOHEADER='${SHELL} /datadisk/mythtv-controller-0.38/missing autoheader'
AUTOMAKE='${SHELL} /datadisk/mythtv-controller-0.38/missing automake-1.15'
AWK='gawk'
CC='gcc'
CCDEPMODE='depmode=gcc3'
CFLAGS='-g -O2'
CPP='gcc -E'
CPPFLAGS=''
CXX='g++'
CXXDEPMODE='depmode=gcc3'
CXXFLAGS='-g -O2'
CYGPATH_W='echo'
DEFS='-DPACKAGE_NAME=\"mythtv-controller\" -DPACKAGE_TARNAME=\"mythtv-controller\" -DPACKAGE_VERSION=\"0.38\" -DPACKAGE_STRING=\"mythtv-controller\ 0.38\" -DPACKAGE_BUGREPORT=\"hanshenrik32@gmail.com\" -DPACKAGE_URL=\"\" -DPACKAGE=\"mythtv-controller\" -DVERSION=\"0.38\" -DSTDC_HEADERS=1 -DHAVE_SYS_TYPES_H=1 -DHAVE_SYS_STAT_H=1 -DHAVE_STDLIB_H=1 -DHAVE_STRING_H=1 -DHAVE_MEMORY_H=1 -DHAVE_STRINGS_H=1 -DHAVE_INTTYPES_H=1 -DHAVE_STDINT_H=1 -DHAVE_UNISTD_H=1 -DHAVE_SYS_TIME_H=1'
DEPDIR='.deps'
ECHO_C=''
ECHO_N='-n'
ECHO_T=''
EGREP='/bin/grep -E'
EXEEXT=''
GREP='/bin/grep'
INSTALL_DATA='${INSTALL} -m 644'
INSTALL_PROGRAM='${INSTALL}'
INSTALL_SCRIPT='${INSTALL}'
INSTALL_STRIP_PROGRAM='$(install_sh) -c -s'
LDFLAGS=''
LIBOBJS=''
LIBS=''
LTLIBOBJS=''
MAKEINFO='${SHELL} /datadisk/mythtv-controller-0.38/missing makeinfo'
MKDIR_P='/bin/mkdir -p'
OBJEXT='o'
PACKAGE='mythtv-controller'
PACKAGE_BUGREPORT='hanshenrik32@gmail.com'
PACKAGE_NAME='mythtv-controller'
PACKAGE_STRING='mythtv-controller 0.38'
PACKAGE_TARNAME='mythtv-controller'
PACKAGE_URL=''
PACKAGE_VERSION='0.38'
PATH_SEPARATOR=':'
SET_MAKE='MAKE=make'
SHELL='/bin/bash'
STRIP=''
VERSION='0.38'
ac_ct_CC='gcc'
ac_ct_CXX='g++'
am__EXEEXT_FALSE=''
am__EXEEXT_TRUE='#'
am__fastdepCC_FALSE='#'
am__fastdepCC_TRUE=''
am__fastdepCXX_FALSE='#'
am__fastdepCXX_TRUE=''
am__include='include'
am__isrc=''
am__leading_dot='.'
am__nodep='_no'
am__quote=''
am__tar='$${TAR-tar} chof - "$$tardir"'
am__untar='$${TAR-tar} xf -'
bindir='${exec_prefix}/bin'
build_alias=''
datadir='${datarootdir}'
datarootdir='${prefix}/share'
docdir='${datarootdir}/doc/${PACKAGE_TARNAME}'
dvidir='${docdir}'
exec_prefix='${prefix}'
host_alias=''
htmldir='${docdir}'
includedir='${prefix}/include'
infodir='${datarootdir}/info'
install_sh='${SHELL} /datadisk/mythtv-controller-0.38/install-sh'
libdir='${exec_prefix}/lib'
libexecdir='${exec_prefix}/libexec'
localedir='${datarootdir}/locale'
localstatedir='${prefix}/var'
mandir='${datarootdir}/man'
mkdir_p='$(MKDIR_P)'
oldincludedir='/usr/include'
pdfdir='${docdir}'
prefix='/usr/local'
program_transform_name='s,x,x,'
psdir='${docdir}'
runstatedir='${localstatedir}/run'
sbindir='${exec_prefix}/sbin'
sharedstatedir='${prefix}/com'
sysconfdir='${prefix}/etc'
target_alias=''

## ----------- ##
## confdefs.h. ##
## ----------- ##

/* confdefs.h */
#define PACKAGE_NAME "mythtv-controller"
#define PACKAGE_TARNAME "mythtv-controller"
#define PACKAGE_VERSION "0.38"
#define PACKAGE_STRING "mythtv-controller 0.38"
#define PACKAGE_BUGREPORT "hanshenrik32@gmail.com"
#define PACKAGE_URL ""
#define PACKAGE "mythtv-controller"
#define VERSION "0.38"
#define STDC_HEADERS 1
#define HAVE_SYS_TYPES_H 1
#define HAVE_SYS_STAT_H 1
#define HAVE_STDLIB_H 1
#define HAVE_STRING_H 1
#define HAVE_MEMORY_H 1
#define HAVE_STRINGS_H 1
#define HAVE_INTTYPES_H 1
#define HAVE_STDINT_H 1
#define HAVE_UNISTD_H 1
#define HAVE_SYS_TIME_H 1

configure: exit 0
